<?xml version="1.0" encoding="UTF-8"?>
<testng-results skipped="0" failed="0" total="1" passed="1">
  <reporter-output>
  </reporter-output>
  <suite name="GoogleSearchEngine" duration-ms="8077" started-at="2015-04-15T09:41:51Z" finished-at="2015-04-15T09:41:59Z">
    <groups>
    </groups>
    <test name="TestCaseOnSonyWord" duration-ms="8077" started-at="2015-04-15T09:41:51Z" finished-at="2015-04-15T09:41:59Z">
      <class name="GoogleTests.InputTestCase">
        <test-method status="PASS" signature="beforeMethod()[pri:0, instance:GoogleTests.InputTestCase@1531931]" name="beforeMethod" is-config="true" duration-ms="5174" started-at="2015-04-15T12:41:51Z" finished-at="2015-04-15T12:41:56Z">
          <reporter-output>
          </reporter-output>
        </test-method> <!-- beforeMethod -->
        <test-method status="PASS" signature="shouldBeSonyPages(java.lang.String, java.lang.String, java.lang.String, int)[pri:0, instance:GoogleTests.InputTestCase@1531931]" name="shouldBeSonyPages" duration-ms="2674" started-at="2015-04-15T12:41:56Z" finished-at="2015-04-15T12:41:58Z">
          <params>
            <param index="0">
              <value>
                <![CDATA[https://www.google.ru]]>
              </value>
            </param>
            <param index="1">
              <value>
                <![CDATA[Sony]]>
              </value>
            </param>
            <param index="2">
              <value>
                <![CDATA[Google]]>
              </value>
            </param>
            <param index="3">
              <value>
                <![CDATA[3]]>
              </value>
            </param>
          </params>
          <reporter-output>
          </reporter-output>
        </test-method> <!-- shouldBeSonyPages -->
        <test-method status="PASS" signature="afterMethod()[pri:0, instance:GoogleTests.InputTestCase@1531931]" name="afterMethod" is-config="true" duration-ms="208" started-at="2015-04-15T12:41:58Z" finished-at="2015-04-15T12:41:59Z">
          <reporter-output>
          </reporter-output>
        </test-method> <!-- afterMethod -->
      </class> <!-- GoogleTests.InputTestCase -->
    </test> <!-- TestCaseOnSonyWord -->
  </suite> <!-- GoogleSearchEngine -->
</testng-results>
